This is pdfTeX, Version 3.141592653-2.6-1.40.22 (TeX Live 2022/dev/Debian) (preloaded format=pdflatex 2024.4.13)  30 MAY 2024 21:11
entering extended mode
 restricted \write18 enabled.
 %&-line parsing enabled.
**"Relatorio Anota√ß√£o.tex"
(./Relatorio Anota√ß√£o.tex
LaTeX2e <2021-11-15> patch level 1
L3 programming layer <2022-01-21>
(/usr/share/texlive/texmf-dist/tex/latex/base/article.cls
Document Class: article 2021/10/04 v1.4n Standard LaTeX document class
(/usr/share/texlive/texmf-dist/tex/latex/base/size12.clo
File: size12.clo 2021/10/04 v1.4n Standard LaTeX file (size option)
)
\c@part=\count185
\c@section=\count186
\c@subsection=\count187
\c@subsubsection=\count188
\c@paragraph=\count189
\c@subparagraph=\count190
\c@figure=\count191
\c@table=\count192
\abovecaptionskip=\skip47
\belowcaptionskip=\skip48
\bibindent=\dimen138
)
(/usr/share/texlive/texmf-dist/tex/latex/geometry/geometry.sty
Package: geometry 2020/01/02 v5.9 Page Geometry

(/usr/share/texlive/texmf-dist/tex/latex/graphics/keyval.sty
Package: keyval 2014/10/28 v1.15 key=value parser (DPC)
\KV@toks@=\toks16
)
(/usr/share/texlive/texmf-dist/tex/generic/iftex/ifvtex.sty
Package: ifvtex 2019/10/25 v1.7 ifvtex legacy package. Use iftex instead.

(/usr/share/texlive/texmf-dist/tex/generic/iftex/iftex.sty
Package: iftex 2020/03/06 v1.0d TeX engine tests
))
\Gm@cnth=\count193
\Gm@cntv=\count194
\c@Gm@tempcnt=\count195
\Gm@bindingoffset=\dimen139
\Gm@wd@mp=\dimen140
\Gm@odd@mp=\dimen141
\Gm@even@mp=\dimen142
\Gm@layoutwidth=\dimen143
\Gm@layoutheight=\dimen144
\Gm@layouthoffset=\dimen145
\Gm@layoutvoffset=\dimen146
\Gm@dimlist=\toks17
)
(/usr/share/texlive/texmf-dist/tex/generic/babel/babel.sty
Package: babel 2022/01/26 3.70 The Babel package
\babel@savecnt=\count196
\U@D=\dimen147
\l@unhyphenated=\language4

(/usr/share/texlive/texmf-dist/tex/generic/babel/txtbabel.def)
\bbl@readstream=\read2
\bbl@dirlevel=\count197

(/usr/share/texlive/texmf-dist/tex/generic/babel-portuges/brazilian.ldf
Language: portuges 2021/07/09 v1.2t Portuguese support from the babel system
Package babel Info: Hyphen rules for 'brazilian' set to \l@portuguese
(babel)             (\language3). Reported on input line 111.
Package babel Info: Making " an active character on input line 143.
)
(/usr/share/texlive/texmf-dist/tex/generic/babel-portuges/portuguese.ldf
Language: portuges 2021/07/09 v1.2t Portuguese support from the babel system
))
(/usr/share/texlive/texmf-dist/tex/latex/base/t1enc.sty
Package: t1enc 1994/06/01 Standard LaTeX package
)
(/usr/share/texlive/texmf-dist/tex/latex/graphics/epsfig.sty
Package: epsfig 2017/06/25 v1.7b (e)psfig emulation (SPQR)

(/usr/share/texlive/texmf-dist/tex/latex/graphics/graphicx.sty
Package: graphicx 2021/09/16 v1.2d Enhanced LaTeX Graphics (DPC,SPQR)

(/usr/share/texlive/texmf-dist/tex/latex/graphics/graphics.sty
Package: graphics 2021/03/04 v1.4d Standard LaTeX Graphics (DPC,SPQR)

(/usr/share/texlive/texmf-dist/tex/latex/graphics/trig.sty
Package: trig 2021/08/11 v1.11 sin cos tan (DPC)
)
(/usr/share/texlive/texmf-dist/tex/latex/graphics-cfg/graphics.cfg
File: graphics.cfg 2016/06/04 v1.11 sample graphics configuration
)
Package graphics Info: Driver file: pdftex.def on input line 107.

(/usr/share/texlive/texmf-dist/tex/latex/graphics-def/pdftex.def
File: pdftex.def 2020/10/05 v1.2a Graphics/color driver for pdftex
))
\Gin@req@height=\dimen148
\Gin@req@width=\dimen149
)
\epsfxsize=\dimen150
\epsfysize=\dimen151
)
(/usr/share/texlive/texmf-dist/tex/latex/graphics/color.sty
Package: color 2021/12/07 v1.3c Standard LaTeX Color (DPC)

(/usr/share/texlive/texmf-dist/tex/latex/graphics-cfg/color.cfg
File: color.cfg 2016/01/02 v1.6 sample color configuration
)
Package color Info: Driver file: pdftex.def on input line 149.
)
(/usr/share/texlive/texmf-dist/tex/latex/l3backend/l3backend-pdftex.def
File: l3backend-pdftex.def 2022-01-12 L3 backend support: PDF output (pdfTeX)
\l__color_backend_stack_int=\count198
\l__pdf_internal_box=\box50
)
(./Relatorio Anota√ß√£o.aux

LaTeX Warning: Label `fig' multiply defined.


LaTeX Warning: Label `fig' multiply defined.


LaTeX Warning: Label `fig' multiply defined.


LaTeX Warning: Label `fig' multiply defined.


LaTeX Warning: Label `fig' multiply defined.


LaTeX Warning: Label `fig' multiply defined.


LaTeX Warning: Label `fig' multiply defined.


LaTeX Warning: Label `fig' multiply defined.


LaTeX Warning: Label `fig' multiply defined.


LaTeX Warning: Label `fig' multiply defined.


LaTeX Warning: Label `fig' multiply defined.


LaTeX Warning: Label `fig' multiply defined.


LaTeX Warning: Label `fig' multiply defined.


LaTeX Warning: Label `fig' multiply defined.


LaTeX Warning: Label `fig' multiply defined.

)
\openout1 = `"Relatorio Anota√ß√£o.aux"'.

LaTeX Font Info:    Checking defaults for OML/cmm/m/it on input line 35.
LaTeX Font Info:    ... okay on input line 35.
LaTeX Font Info:    Checking defaults for OMS/cmsy/m/n on input line 35.
LaTeX Font Info:    ... okay on input line 35.
LaTeX Font Info:    Checking defaults for OT1/cmr/m/n on input line 35.
LaTeX Font Info:    ... okay on input line 35.
LaTeX Font Info:    Checking defaults for T1/cmr/m/n on input line 35.
LaTeX Font Info:    ... okay on input line 35.
LaTeX Font Info:    Checking defaults for TS1/cmr/m/n on input line 35.
LaTeX Font Info:    ... okay on input line 35.
LaTeX Font Info:    Checking defaults for OMX/cmex/m/n on input line 35.
LaTeX Font Info:    ... okay on input line 35.
LaTeX Font Info:    Checking defaults for U/cmr/m/n on input line 35.
LaTeX Font Info:    ... okay on input line 35.

*geometry* driver: auto-detecting
*geometry* detected driver: pdftex
*geometry* verbose mode - [ preamble ] result:
* driver: pdftex
* paper: a4paper
* layout: <same size as paper>
* layoutoffset:(h,v)=(0.0pt,0.0pt)
* bindingoffset: 14.45377pt
* modes: 
* h-part:(L,W,R)=(57.81621pt, 467.42169pt, 57.81621pt)
* v-part:(T,H,B)=(57.81621pt, 729.41443pt, 57.81621pt)
* \paperwidth=597.50787pt
* \paperheight=845.04684pt
* \textwidth=467.42169pt
* \textheight=729.41443pt
* \oddsidemargin=-0.00002pt
* \evensidemargin=-14.45378pt
* \topmargin=-51.45378pt
* \headheight=12.0pt
* \headsep=25.0pt
* \topskip=12.0pt
* \footskip=18.06749pt
* \marginparwidth=35.0pt
* \marginparsep=10.0pt
* \columnsep=10.0pt
* \skip\footins=10.8pt plus 4.0pt minus 2.0pt
* \hoffset=0.0pt
* \voffset=0.0pt
* \mag=1000
* \@twocolumnfalse
* \@twosidefalse
* \@mparswitchfalse
* \@reversemarginfalse
* (1in=72.27pt=25.4mm, 1cm=28.453pt)

(/usr/share/texlive/texmf-dist/tex/context/base/mkii/supp-pdf.mkii
[Loading MPS to PDF converter (version 2006.09.02).]
\scratchcounter=\count199
\scratchdimen=\dimen152
\scratchbox=\box51
\nofMPsegments=\count266
\nofMParguments=\count267
\everyMPshowfont=\toks18
\MPscratchCnt=\count268
\MPscratchDim=\dimen153
\MPnumerator=\count269
\makeMPintoPDFobject=\count270
\everyMPtoPDFconversion=\toks19
) (/usr/share/texlive/texmf-dist/tex/latex/epstopdf-pkg/epstopdf-base.sty
Package: epstopdf-base 2020-01-24 v2.11 Base part for package epstopdf
Package epstopdf-base Info: Redefining graphics rule for `.eps' on input line 4
85.

(/usr/share/texlive/texmf-dist/tex/latex/latexconfig/epstopdf-sys.cfg
File: epstopdf-sys.cfg 2010/07/13 v1.3 Configuration of (r)epstopdf for TeX Liv
e
))
LaTeX Font Info:    External font `cmex10' loaded for size
(Font)              <14.4> on input line 36.
LaTeX Font Info:    External font `cmex10' loaded for size
(Font)              <7> on input line 36.

[1

{/var/lib/texmf/fonts/map/pdftex/updmap/pdftex.map}]
<../Figures/Instanciacao.png, id=14, 520.19344pt x 24.84282pt>
File: ../Figures/Instanciacao.png Graphic file (type png)
<use ../Figures/Instanciacao.png>
Package pdftex.def Info: ../Figures/Instanciacao.png  used on input line 112.
(pdftex.def)             Requested size: 520.19215pt x 24.84274pt.

Overfull \hbox (52.77046pt too wide) in paragraph at lines 112--113
 [] 
 []

[2 <../Figures/Instanciacao.png (PNG copy)>]
LaTeX Font Info:    External font `cmex10' loaded for size
(Font)              <12> on input line 130.
LaTeX Font Info:    External font `cmex10' loaded for size
(Font)              <8> on input line 130.
LaTeX Font Info:    External font `cmex10' loaded for size
(Font)              <6> on input line 130.
<../Figures/GetGene.jpg, id=18, 609.02531pt x 238.64156pt>
File: ../Figures/GetGene.jpg Graphic file (type jpg)
<use ../Figures/GetGene.jpg>
Package pdftex.def Info: ../Figures/GetGene.jpg  used on input line 138.
(pdftex.def)             Requested size: 426.79134pt x 167.24094pt.
<../Figures/GetPontuation.jpg, id=19, 542.77782pt x 121.95563pt>
File: ../Figures/GetPontuation.jpg Graphic file (type jpg)
<use ../Figures/GetPontuation.jpg>
Package pdftex.def Info: ../Figures/GetPontuation.jpg  used on input line 146.
(pdftex.def)             Requested size: 426.79134pt x 95.89911pt.
 [3 <../Figures/GetGene.jpg>]
<../Figures/GetBestBoxes.png, id=26, 696.35156pt x 312.41719pt>
File: ../Figures/GetBestBoxes.png Graphic file (type png)
<use ../Figures/GetBestBoxes.png>
Package pdftex.def Info: ../Figures/GetBestBoxes.png  used on input line 157.
(pdftex.def)             Requested size: 696.34985pt x 312.41641pt.

Overfull \hbox (228.92816pt too wide) in paragraph at lines 157--158
 [] 
 []

<../Figures/FindGenes.png, id=27, 547.2947pt x 157.33781pt>
File: ../Figures/FindGenes.png Graphic file (type png)
<use ../Figures/FindGenes.png>
Package pdftex.def Info: ../Figures/FindGenes.png  used on input line 171.
(pdftex.def)             Requested size: 547.29335pt x 157.33742pt.

Overfull \hbox (79.87166pt too wide) in paragraph at lines 171--172
 [] 
 []

[4 <../Figures/GetPontuation.jpg>] [5 <../Figures/GetBestBoxes.png (PNG copy)> 
<../Figures/FindGenes.png (PNG copy)>] [6]
<../Figures/SearchrRNAGenes.png, id=37, 661.72218pt x 316.18124pt>
File: ../Figures/SearchrRNAGenes.png Graphic file (type png)
<use ../Figures/SearchrRNAGenes.png>
Package pdftex.def Info: ../Figures/SearchrRNAGenes.png  used on input line 228
.
(pdftex.def)             Requested size: 426.79134pt x 203.9281pt.
<../Figures/SearchtRNAGenes.png, id=38, 548.80031pt x 149.05687pt>
File: ../Figures/SearchtRNAGenes.png Graphic file (type png)
<use ../Figures/SearchtRNAGenes.png>
Package pdftex.def Info: ../Figures/SearchtRNAGenes.png  used on input line 236
.
(pdftex.def)             Requested size: 426.79134pt x 115.92044pt.

Overfull \hbox (1.3456pt too wide) in paragraph at lines 245--246
\T1/cmr/m/n/12 Para as an·-li-ses es-ta-tÌs-ti-cas en-vol-vendo gr·-fi-cos util
izou-se a bi-bli-o-teca Mat-plo-tlib de Python,
 []

[7] [8 <../Figures/SearchrRNAGenes.png (PNG copy)> <../Figures/SearchtRNAGenes.
png (PNG copy)>]
<../Figures/FiltroTamanho.png, id=46, 578.16pt x 578.16pt>
File: ../Figures/FiltroTamanho.png Graphic file (type png)
<use ../Figures/FiltroTamanho.png>
Package pdftex.def Info: ../Figures/FiltroTamanho.png  used on input line 254.
(pdftex.def)             Requested size: 426.79134pt x 426.79071pt.
<../Figures/FiltroPorcentagem.png, id=48, 722.7pt x 578.16pt>
File: ../Figures/FiltroPorcentagem.png Graphic file (type png)
<use ../Figures/FiltroPorcentagem.png>
Package pdftex.def Info: ../Figures/FiltroPorcentagem.png  used on input line 2
75.
(pdftex.def)             Requested size: 426.79134pt x 341.43785pt.
 [9] [10 <../Figures/FiltroTamanho.png>] [11 <../Figures/FiltroPorcentagem.png>
]
<../Figures/GenesPerSize.png, id=60, 956.8548pt x 382.3083pt>
File: ../Figures/GenesPerSize.png Graphic file (type png)
<use ../Figures/GenesPerSize.png>
Package pdftex.def Info: ../Figures/GenesPerSize.png  used on input line 291.
(pdftex.def)             Requested size: 426.79134pt x 170.52042pt.
 [12 <../Figures/GenesPerSize.png>]
<../Figures/genesrRNA.png, id=65, 462.528pt x 346.896pt>
File: ../Figures/genesrRNA.png Graphic file (type png)
<use ../Figures/genesrRNA.png>
Package pdftex.def Info: ../Figures/genesrRNA.png  used on input line 309.
(pdftex.def)             Requested size: 426.79134pt x 320.11154pt.
<../Figures/genestRNA.png, id=66, 462.528pt x 346.896pt>
File: ../Figures/genestRNA.png Graphic file (type png)
<use ../Figures/genestRNA.png>
Package pdftex.def Info: ../Figures/genestRNA.png  used on input line 317.
(pdftex.def)             Requested size: 426.79134pt x 320.11154pt.
 [13 <../Figures/genesrRNA.png>] [14 <../Figures/genestRNA.png>]
<../Figures/PersonalizadosrRNA.png, id=76, 700.2963pt x 341.1144pt>
File: ../Figures/PersonalizadosrRNA.png Graphic file (type png)
<use ../Figures/PersonalizadosrRNA.png>
Package pdftex.def Info: ../Figures/PersonalizadosrRNA.png  used on input line 
336.
(pdftex.def)             Requested size: 426.79134pt x 207.89207pt.
<../Figures/PersonalizadostRNA.png, id=77, 792.0792pt x 374.3586pt>
File: ../Figures/PersonalizadostRNA.png Graphic file (type png)
<use ../Figures/PersonalizadostRNA.png>
Package pdftex.def Info: ../Figures/PersonalizadostRNA.png  used on input line 
344.
(pdftex.def)             Requested size: 426.79134pt x 201.71649pt.
 [15 <../Figures/PersonalizadosrRNA.png>]
<../Figures/Distribui√ß√£orRNA.png, id=82, 648.9846pt x 405.4347pt>
File: ../Figures/Distribui√ß√£orRNA.png Graphic file (type png)
<use ../Figures/Distribui√ß√£orRNA.png>
Package pdftex.def Info: ../Figures/Distribui√ß√£orRNA.png  used on input line 
378.
(pdftex.def)             Requested size: 426.79134pt x 266.62883pt.
<../Figures/Distribui√ß√£otRNA.png, id=83, 841.2228pt x 381.5856pt>
File: ../Figures/Distribui√ß√£otRNA.png Graphic file (type png)
<use ../Figures/Distribui√ß√£otRNA.png>
Package pdftex.def Info: ../Figures/Distribui√ß√£otRNA.png  used on input line 
386.
(pdftex.def)             Requested size: 426.79134pt x 193.59296pt.

[16 <../Figures/PersonalizadostRNA.png>] [17 <../Figures/Distribui√ß√£orRNA.png
> <../Figures/Distribui√ß√£otRNA.png>] [18] (./Relatorio Anota√ß√£o.aux)

LaTeX Warning: There were multiply-defined labels.

 ) 
Here is how much of TeX's memory you used:
 3101 strings out of 480227
 53382 string characters out of 5895370
 362512 words of memory out of 5000000
 21024 multiletter control sequences out of 15000+600000
 479329 words of font info for 49 fonts, out of 8000000 for 9000
 16 hyphenation exceptions out of 8191
 70i,8n,76p,1432b,268s stack positions out of 5000i,500n,10000p,200000b,80000s
 </home/teste/.texlive2021/texmf-var/fonts/pk/ljfour/jknappen/ec/tcrm1200.600
pk> </home/teste/.texlive2021/texmf-var/fonts/pk/ljfour/jknappen/ec/ecti1200.60
0pk> </home/teste/.texlive2021/texmf-var/fonts/pk/ljfour/jknappen/ec/ecbx1200.6
00pk> </home/teste/.texlive2021/texmf-var/fonts/pk/ljfour/jknappen/ec/ecbx1440.
600pk> </home/teste/.texlive2021/texmf-var/fonts/pk/ljfour/jknappen/ec/ecrm1200
.600pk> </home/teste/.texlive2021/texmf-var/fonts/pk/ljfour/jknappen/ec/ecbx172
8.600pk> </home/teste/.texlive2021/texmf-var/fonts/pk/ljfour/jknappen/ec/ecrm14
40.600pk> </home/teste/.texlive2021/texmf-var/fonts/pk/ljfour/jknappen/ec/ecrm2
074.600pk></usr/share/texlive/texmf-dist/fonts/type1/public/amsfonts/cm/cmmi12.
pfb></usr/share/texlive/texmf-dist/fonts/type1/public/amsfonts/cm/cmr12.pfb></u
sr/share/texlive/texmf-dist/fonts/type1/public/amsfonts/cm/cmsy10.pfb>
Output written on "Relatorio Anota√ß√£o.pdf" (18 pages, 701057 bytes).
PDF statistics:
 392 PDF objects out of 1000 (max. 8388607)
 83 compressed objects within 1 object stream
 0 named destinations out of 1000 (max. 500000)
 81 words of extra memory for PDF output out of 10000 (max. 10000000)

