This is pdfTeX, Version 3.141592653-2.6-1.40.22 (TeX Live 2022/dev/Debian) (preloaded format=pdflatex 2024.4.13)  24 MAY 2024 01:01
entering extended mode
 restricted \write18 enabled.
 %&-line parsing enabled.
**"Relatorio Anotação.tex"
(./Relatorio Anotação.tex
LaTeX2e <2021-11-15> patch level 1
L3 programming layer <2022-01-21>
(/usr/share/texlive/texmf-dist/tex/latex/base/article.cls
Document Class: article 2021/10/04 v1.4n Standard LaTeX document class
(/usr/share/texlive/texmf-dist/tex/latex/base/size12.clo
File: size12.clo 2021/10/04 v1.4n Standard LaTeX file (size option)
)
\c@part=\count185
\c@section=\count186
\c@subsection=\count187
\c@subsubsection=\count188
\c@paragraph=\count189
\c@subparagraph=\count190
\c@figure=\count191
\c@table=\count192
\abovecaptionskip=\skip47
\belowcaptionskip=\skip48
\bibindent=\dimen138
)
(/usr/share/texlive/texmf-dist/tex/generic/babel/babel.sty
Package: babel 2022/01/26 3.70 The Babel package
\babel@savecnt=\count193
\U@D=\dimen139
\l@unhyphenated=\language4

(/usr/share/texlive/texmf-dist/tex/generic/babel/txtbabel.def)
\bbl@readstream=\read2
\bbl@dirlevel=\count194

(/usr/share/texlive/texmf-dist/tex/generic/babel-portuges/brazilian.ldf
Language: portuges 2021/07/09 v1.2t Portuguese support from the babel system
Package babel Info: Hyphen rules for 'brazilian' set to \l@portuguese
(babel)             (\language3). Reported on input line 111.
Package babel Info: Making " an active character on input line 143.
)
(/usr/share/texlive/texmf-dist/tex/generic/babel-portuges/portuguese.ldf
Language: portuges 2021/07/09 v1.2t Portuguese support from the babel system
))
(/usr/share/texlive/texmf-dist/tex/latex/base/t1enc.sty
Package: t1enc 1994/06/01 Standard LaTeX package
)
(/usr/share/texlive/texmf-dist/tex/latex/graphics/epsfig.sty
Package: epsfig 2017/06/25 v1.7b (e)psfig emulation (SPQR)

(/usr/share/texlive/texmf-dist/tex/latex/graphics/graphicx.sty
Package: graphicx 2021/09/16 v1.2d Enhanced LaTeX Graphics (DPC,SPQR)

(/usr/share/texlive/texmf-dist/tex/latex/graphics/keyval.sty
Package: keyval 2014/10/28 v1.15 key=value parser (DPC)
\KV@toks@=\toks16
)
(/usr/share/texlive/texmf-dist/tex/latex/graphics/graphics.sty
Package: graphics 2021/03/04 v1.4d Standard LaTeX Graphics (DPC,SPQR)

(/usr/share/texlive/texmf-dist/tex/latex/graphics/trig.sty
Package: trig 2021/08/11 v1.11 sin cos tan (DPC)
)
(/usr/share/texlive/texmf-dist/tex/latex/graphics-cfg/graphics.cfg
File: graphics.cfg 2016/06/04 v1.11 sample graphics configuration
)
Package graphics Info: Driver file: pdftex.def on input line 107.

(/usr/share/texlive/texmf-dist/tex/latex/graphics-def/pdftex.def
File: pdftex.def 2020/10/05 v1.2a Graphics/color driver for pdftex
))
\Gin@req@height=\dimen140
\Gin@req@width=\dimen141
)
\epsfxsize=\dimen142
\epsfysize=\dimen143
)
(/usr/share/texlive/texmf-dist/tex/latex/graphics/color.sty
Package: color 2021/12/07 v1.3c Standard LaTeX Color (DPC)

(/usr/share/texlive/texmf-dist/tex/latex/graphics-cfg/color.cfg
File: color.cfg 2016/01/02 v1.6 sample color configuration
)
Package color Info: Driver file: pdftex.def on input line 149.
)
(/usr/share/texlive/texmf-dist/tex/latex/l3backend/l3backend-pdftex.def
File: l3backend-pdftex.def 2022-01-12 L3 backend support: PDF output (pdfTeX)
\l__color_backend_stack_int=\count195
\l__pdf_internal_box=\box50
)
(./Relatorio Anotação.aux

LaTeX Warning: Label `fig' multiply defined.


LaTeX Warning: Label `fig' multiply defined.


LaTeX Warning: Label `fig' multiply defined.


LaTeX Warning: Label `fig' multiply defined.


LaTeX Warning: Label `fig' multiply defined.


LaTeX Warning: Label `fig' multiply defined.


LaTeX Warning: Label `fig' multiply defined.

)
\openout1 = `"Relatorio Anotação.aux"'.

LaTeX Font Info:    Checking defaults for OML/cmm/m/it on input line 26.
LaTeX Font Info:    ... okay on input line 26.
LaTeX Font Info:    Checking defaults for OMS/cmsy/m/n on input line 26.
LaTeX Font Info:    ... okay on input line 26.
LaTeX Font Info:    Checking defaults for OT1/cmr/m/n on input line 26.
LaTeX Font Info:    ... okay on input line 26.
LaTeX Font Info:    Checking defaults for T1/cmr/m/n on input line 26.
LaTeX Font Info:    ... okay on input line 26.
LaTeX Font Info:    Checking defaults for TS1/cmr/m/n on input line 26.
LaTeX Font Info:    ... okay on input line 26.
LaTeX Font Info:    Checking defaults for OMX/cmex/m/n on input line 26.
LaTeX Font Info:    ... okay on input line 26.
LaTeX Font Info:    Checking defaults for U/cmr/m/n on input line 26.
LaTeX Font Info:    ... okay on input line 26.
 (/usr/share/texlive/texmf-dist/tex/context/base/mkii/supp-pdf.mkii
[Loading MPS to PDF converter (version 2006.09.02).]
\scratchcounter=\count196
\scratchdimen=\dimen144
\scratchbox=\box51
\nofMPsegments=\count197
\nofMParguments=\count198
\everyMPshowfont=\toks17
\MPscratchCnt=\count199
\MPscratchDim=\dimen145
\MPnumerator=\count266
\makeMPintoPDFobject=\count267
\everyMPtoPDFconversion=\toks18
) (/usr/share/texlive/texmf-dist/tex/latex/epstopdf-pkg/epstopdf-base.sty
Package: epstopdf-base 2020-01-24 v2.11 Base part for package epstopdf
Package epstopdf-base Info: Redefining graphics rule for `.eps' on input line 4
85.

(/usr/share/texlive/texmf-dist/tex/latex/latexconfig/epstopdf-sys.cfg
File: epstopdf-sys.cfg 2010/07/13 v1.3 Configuration of (r)epstopdf for TeX Liv
e
))
LaTeX Font Info:    External font `cmex10' loaded for size
(Font)              <14.4> on input line 27.
LaTeX Font Info:    External font `cmex10' loaded for size
(Font)              <7> on input line 27.

[1

{/var/lib/texmf/fonts/map/pdftex/updmap/pdftex.map}] [2]
<Instanciacao.jpg, id=16, 813.79031pt x 44.41594pt>
File: Instanciacao.jpg Graphic file (type jpg)
<use Instanciacao.jpg>
Package pdftex.def Info: Instanciacao.jpg  used on input line 117.
(pdftex.def)             Requested size: 813.78833pt x 44.41582pt.

Overfull \hbox (423.78833pt too wide) in paragraph at lines 117--118
 [] 
 []

[3]
LaTeX Font Info:    External font `cmex10' loaded for size
(Font)              <12> on input line 136.
LaTeX Font Info:    External font `cmex10' loaded for size
(Font)              <8> on input line 136.
LaTeX Font Info:    External font `cmex10' loaded for size
(Font)              <6> on input line 136.
 [4 <./Instanciacao.jpg>]
<GetGene.jpg, id=26, 609.02531pt x 238.64156pt>
File: GetGene.jpg Graphic file (type jpg)
<use GetGene.jpg>
Package pdftex.def Info: GetGene.jpg  used on input line 146.
(pdftex.def)             Requested size: 609.02382pt x 238.64096pt.

Overfull \hbox (219.02382pt too wide) in paragraph at lines 146--147
 [] 
 []

<GetPontuation.jpg, id=27, 542.77782pt x 121.95563pt>
File: GetPontuation.jpg Graphic file (type jpg)
<use GetPontuation.jpg>
Package pdftex.def Info: GetPontuation.jpg  used on input line 154.
(pdftex.def)             Requested size: 542.77649pt x 121.9553pt.

Overfull \hbox (152.77649pt too wide) in paragraph at lines 154--155
 [] 
 []

[5 <./GetGene.jpg>]
<GetBestBoxes.jpg, id=31, 1062.97125pt x 313.9228pt>
File: GetBestBoxes.jpg Graphic file (type jpg)
<use GetBestBoxes.jpg>
Package pdftex.def Info: GetBestBoxes.jpg  used on input line 165.
(pdftex.def)             Requested size: 1062.96867pt x 313.92203pt.

Overfull \hbox (672.96867pt too wide) in paragraph at lines 165--166
 [] 
 []

<FindGenes.jpg, id=32, 659.46375pt x 192.72pt>
File: FindGenes.jpg Graphic file (type jpg)
<use FindGenes.jpg>
Package pdftex.def Info: FindGenes.jpg  used on input line 179.
(pdftex.def)             Requested size: 659.46213pt x 192.71951pt.

Overfull \hbox (269.46213pt too wide) in paragraph at lines 179--180
 [] 
 []

[6 <./GetPontuation.jpg>] [7 <./GetBestBoxes.jpg>] [8 <./FindGenes.jpg>]
[9]
<SearchrRNAGenes.jpeg, id=46, 379.4175pt x 519.44063pt>
File: SearchrRNAGenes.jpeg Graphic file (type jpg)
<use SearchrRNAGenes.jpeg>
Package pdftex.def Info: SearchrRNAGenes.jpeg  used on input line 219.
(pdftex.def)             Requested size: 379.41656pt x 519.43936pt.
<SearchtRNAGenes.jpg, id=47, 569.87906pt x 204.01219pt>
File: SearchtRNAGenes.jpg Graphic file (type jpg)
<use SearchtRNAGenes.jpg>
Package pdftex.def Info: SearchtRNAGenes.jpg  used on input line 227.
(pdftex.def)             Requested size: 569.87766pt x 204.01169pt.

Overfull \hbox (179.87766pt too wide) in paragraph at lines 227--228
 [] 
 []

File: Instanciacao.jpg Graphic file (type jpg)
<use Instanciacao.jpg>
Package pdftex.def Info: Instanciacao.jpg  used on input line 250.
(pdftex.def)             Requested size: 813.78833pt x 44.41582pt.

Overfull \hbox (423.78833pt too wide) in paragraph at lines 250--251
 [] 
 []

[10] [11 <./SearchrRNAGenes.jpeg>] [12 <./SearchtRNAGenes.jpg>] [13] [14]
(./Relatorio Anotação.aux)

LaTeX Warning: There were multiply-defined labels.

 ) 
Here is how much of TeX's memory you used:
 2480 strings out of 480227
 42156 string characters out of 5895370
 345490 words of memory out of 5000000
 20425 multiletter control sequences out of 15000+600000
 478553 words of font info for 48 fonts, out of 8000000 for 9000
 16 hyphenation exceptions out of 8191
 70i,6n,76p,1402b,250s stack positions out of 5000i,500n,10000p,200000b,80000s
 </home/teste/.texlive2021/texmf-var/fonts/pk/ljfour/jknappen/ec/tcrm1200.600
pk> </home/teste/.texlive2021/texmf-var/fonts/pk/ljfour/jknappen/ec/ecti1200.60
0pk> </home/teste/.texlive2021/texmf-var/fonts/pk/ljfour/jknappen/ec/ecbx1440.6
00pk> </home/teste/.texlive2021/texmf-var/fonts/pk/ljfour/jknappen/ec/ecrm1200.
600pk> </home/teste/.texlive2021/texmf-var/fonts/pk/ljfour/jknappen/ec/ecbx1728
.600pk> </home/teste/.texlive2021/texmf-var/fonts/pk/ljfour/jknappen/ec/ecrm144
0.600pk> </home/teste/.texlive2021/texmf-var/fonts/pk/ljfour/jknappen/ec/ecrm20
74.600pk></usr/share/texlive/texmf-dist/fonts/type1/public/amsfonts/cm/cmmi12.p
fb></usr/share/texlive/texmf-dist/fonts/type1/public/amsfonts/cm/cmr12.pfb></us
r/share/texlive/texmf-dist/fonts/type1/public/amsfonts/cm/cmsy10.pfb>
Output written on "Relatorio Anotação.pdf" (14 pages, 367276 bytes).
PDF statistics:
 337 PDF objects out of 1000 (max. 8388607)
 70 compressed objects within 1 object stream
 0 named destinations out of 1000 (max. 500000)
 36 words of extra memory for PDF output out of 10000 (max. 10000000)

